2019-05-30 16:45:50.868  INFO 16512 --- [main] com.example.demo.Demo2Application        : Starting Demo2Application on 18R-02-138 with PID 16512 (started by yamashitayb in C:\Users\yamashitayb\Desktop\山フォルダ\98_GitHub\wordspace\demo2)
2019-05-30 16:45:50.876  INFO 16512 --- [main] com.example.demo.Demo2Application        : No active profile set, falling back to default profiles: default
2019-05-30 16:45:53.876  INFO 16512 --- [main] o.s.b.w.embedded.tomcat.TomcatWebServer  : Tomcat initialized with port(s): 8080 (http)
2019-05-30 16:45:54.071  INFO 16512 --- [main] o.apache.catalina.core.StandardService   : Starting service [Tomcat]
2019-05-30 16:45:54.072  INFO 16512 --- [main] org.apache.catalina.core.StandardEngine  : Starting Servlet engine: [Apache Tomcat/9.0.16]
2019-05-30 16:45:54.088  INFO 16512 --- [main] o.a.catalina.core.AprLifecycleListener   : The APR based Apache Tomcat Native library which allows optimal performance in production environments was not found on the java.library.path: [C:\Program Files\Java\jdk1.8.0_201\bin;C:\WINDOWS\Sun\Java\bin;C:\WINDOWS\system32;C:\WINDOWS;C:\Program Files\Java\jdk1.8.0_201\jre\bin;C:\Program Files (x86)\Common Files\Oracle\Java\javapath;C:\WINDOWS\system32;C:\WINDOWS;C:\WINDOWS\System32\Wbem;C:\WINDOWS\System32\WindowsPowerShell\v1.0\;C:\Program Files\Intel\WiFi\bin\;C:\Program Files\Common Files\Intel\WirelessCommon\;C:\WINDOWS\System32\OpenSSH\;C:\Program Files\TortoiseSVN\bin;C:\Program Files\Git\cmd;C:\Program Files (x86)\Intel\Intel(R) Management Engine Components\DAL;C:\Program Files\Intel\Intel(R) Management Engine Components\DAL;"C:\Users\yamashitayb\AppData\Local\Microsoft\WindowsApps;C:\Program Files\Java\jdk1.8.0_201\bin";;.]
2019-05-30 16:45:54.441  INFO 16512 --- [main] o.a.c.c.C.[.[localhost].[/sample_app]    : Initializing Spring embedded WebApplicationContext
2019-05-30 16:45:54.442  INFO 16512 --- [main] o.s.web.context.ContextLoader            : Root WebApplicationContext: initialization completed in 3456 ms
2019-05-30 16:45:55.231  INFO 16512 --- [main] o.s.s.concurrent.ThreadPoolTaskExecutor  : Initializing ExecutorService 'applicationTaskExecutor'
2019-05-30 16:45:55.617  INFO 16512 --- [main] o.s.b.a.w.s.WelcomePageHandlerMapping    : Adding welcome page template: index
2019-05-30 16:45:55.833  INFO 16512 --- [main] o.s.b.w.embedded.tomcat.TomcatWebServer  : Tomcat started on port(s): 8080 (http) with context path '/sample_app'
2019-05-30 16:45:55.838  INFO 16512 --- [main] com.example.demo.Demo2Application        : Started Demo2Application in 5.947 seconds (JVM running for 6.971)
2019-05-30 16:45:59.064  INFO 16512 --- [http-nio-8080-exec-1] o.a.c.c.C.[.[localhost].[/sample_app]    : Initializing Spring DispatcherServlet 'dispatcherServlet'
2019-05-30 16:45:59.065  INFO 16512 --- [http-nio-8080-exec-1] o.s.web.servlet.DispatcherServlet        : Initializing Servlet 'dispatcherServlet'
2019-05-30 16:45:59.107  INFO 16512 --- [http-nio-8080-exec-1] o.s.web.servlet.DispatcherServlet        : Completed initialization in 41 ms
2019-05-30 16:45:59.210  INFO 16512 --- [http-nio-8080-exec-1] com.example.demo.BaseAdvice              : start : class com.example.demo.controller.HomeController, home
2019-05-30 16:45:59.212  INFO 16512 --- [http-nio-8080-exec-1] com.example.demo.BaseAdvice              : param : [null]
2019-05-30 16:45:59.236  INFO 16512 --- [http-nio-8080-exec-1] com.example.demo.BaseAdvice              : end : class com.example.demo.controller.HomeController, home
2019-05-30 16:46:05.568  INFO 16512 --- [http-nio-8080-exec-2] com.example.demo.BaseAdvice              : start : class com.example.demo.controller.LoginController, login
2019-05-30 16:46:05.569  INFO 16512 --- [http-nio-8080-exec-2] com.example.demo.BaseAdvice              : param : [user : user0001, password : pass0001]
2019-05-30 16:46:05.580  INFO 16512 --- [http-nio-8080-exec-2] com.example.demo.BaseAdvice              : end : class com.example.demo.controller.LoginController, login
2019-05-30 16:46:06.763  INFO 16512 --- [http-nio-8080-exec-3] com.example.demo.BaseAdvice              : start : class com.example.demo.controller.UserController, showUserDetail
2019-05-30 16:46:06.764  INFO 16512 --- [http-nio-8080-exec-3] com.example.demo.BaseAdvice              : param : [null]
2019-05-30 16:46:06.779  INFO 16512 --- [http-nio-8080-exec-3] com.example.demo.BaseAdvice              : end : class com.example.demo.controller.UserController, showUserDetail
2019-05-30 16:47:45.112  INFO 16512 --- [http-nio-8080-exec-2] com.example.demo.BaseAdvice              : start : class com.example.demo.controller.HomeController, home
2019-05-30 16:47:45.113  INFO 16512 --- [http-nio-8080-exec-2] com.example.demo.BaseAdvice              : param : [null]
2019-05-30 16:47:45.114  INFO 16512 --- [http-nio-8080-exec-2] com.example.demo.BaseAdvice              : end : class com.example.demo.controller.HomeController, home
2019-05-30 16:47:49.966  INFO 16512 --- [http-nio-8080-exec-3] com.example.demo.BaseAdvice              : start : class com.example.demo.controller.LoginController, login
2019-05-30 16:47:49.967  INFO 16512 --- [http-nio-8080-exec-3] com.example.demo.BaseAdvice              : param : [user : user0001, password : pass0001]
2019-05-30 16:47:49.968  INFO 16512 --- [http-nio-8080-exec-3] com.example.demo.BaseAdvice              : end : class com.example.demo.controller.LoginController, login
2019-05-30 16:47:51.921  INFO 16512 --- [http-nio-8080-exec-4] com.example.demo.BaseAdvice              : start : class com.example.demo.controller.UserController, showUserDetail
2019-05-30 16:47:51.921  INFO 16512 --- [http-nio-8080-exec-4] com.example.demo.BaseAdvice              : param : [null]
2019-05-30 16:47:51.922  INFO 16512 --- [http-nio-8080-exec-4] com.example.demo.BaseAdvice              : end : class com.example.demo.controller.UserController, showUserDetail
2019-05-30 16:48:20.002  INFO 8804 --- [main] com.example.demo.Demo2Application        : Starting Demo2Application on 18R-02-138 with PID 8804 (started by yamashitayb in C:\Users\yamashitayb\Desktop\山フォルダ\98_GitHub\wordspace\demo2)
2019-05-30 16:48:20.008  INFO 8804 --- [main] com.example.demo.Demo2Application        : No active profile set, falling back to default profiles: default
2019-05-30 16:48:22.478  INFO 8804 --- [main] o.s.b.w.embedded.tomcat.TomcatWebServer  : Tomcat initialized with port(s): 8080 (http)
2019-05-30 16:48:22.543  INFO 8804 --- [main] o.apache.catalina.core.StandardService   : Starting service [Tomcat]
2019-05-30 16:48:22.543  INFO 8804 --- [main] org.apache.catalina.core.StandardEngine  : Starting Servlet engine: [Apache Tomcat/9.0.16]
2019-05-30 16:48:22.564  INFO 8804 --- [main] o.a.catalina.core.AprLifecycleListener   : The APR based Apache Tomcat Native library which allows optimal performance in production environments was not found on the java.library.path: [C:\Program Files\Java\jdk1.8.0_201\bin;C:\WINDOWS\Sun\Java\bin;C:\WINDOWS\system32;C:\WINDOWS;C:\Program Files (x86)\Common Files\Oracle\Java\javapath;C:\WINDOWS\system32;C:\WINDOWS;C:\WINDOWS\System32\Wbem;C:\WINDOWS\System32\WindowsPowerShell\v1.0\;C:\Program Files\Intel\WiFi\bin\;C:\Program Files\Common Files\Intel\WirelessCommon\;C:\WINDOWS\System32\OpenSSH\;C:\Program Files\TortoiseSVN\bin;C:\Program Files\Git\cmd;C:\Program Files (x86)\Intel\Intel(R) Management Engine Components\DAL;C:\Program Files\Intel\Intel(R) Management Engine Components\DAL;"C:\Users\yamashitayb\AppData\Local\Microsoft\WindowsApps;C:\Program Files\Java\jdk1.8.0_201\bin";;.]
2019-05-30 16:48:22.796  INFO 8804 --- [main] o.a.c.c.C.[.[localhost].[/sample_app]    : Initializing Spring embedded WebApplicationContext
2019-05-30 16:48:22.797  INFO 8804 --- [main] o.s.web.context.ContextLoader            : Root WebApplicationContext: initialization completed in 2699 ms
2019-05-30 16:48:23.521  INFO 8804 --- [main] o.s.s.concurrent.ThreadPoolTaskExecutor  : Initializing ExecutorService 'applicationTaskExecutor'
2019-05-30 16:48:23.884  INFO 8804 --- [main] o.s.b.a.w.s.WelcomePageHandlerMapping    : Adding welcome page template: index
2019-05-30 16:48:24.106  INFO 8804 --- [main] o.s.b.w.embedded.tomcat.TomcatWebServer  : Tomcat started on port(s): 8080 (http) with context path '/sample_app'
2019-05-30 16:48:24.110  INFO 8804 --- [main] com.example.demo.Demo2Application        : Started Demo2Application in 4.698 seconds (JVM running for 5.253)
2019-05-30 16:48:26.157  INFO 8804 --- [http-nio-8080-exec-1] o.a.c.c.C.[.[localhost].[/sample_app]    : Initializing Spring DispatcherServlet 'dispatcherServlet'
2019-05-30 16:48:26.158  INFO 8804 --- [http-nio-8080-exec-1] o.s.web.servlet.DispatcherServlet        : Initializing Servlet 'dispatcherServlet'
2019-05-30 16:48:26.178  INFO 8804 --- [http-nio-8080-exec-1] o.s.web.servlet.DispatcherServlet        : Completed initialization in 20 ms
2019-05-30 16:48:26.243  INFO 8804 --- [http-nio-8080-exec-1] com.example.demo.BaseAdvice              : start : class com.example.demo.controller.HomeController, home
2019-05-30 16:48:26.244  INFO 8804 --- [http-nio-8080-exec-1] com.example.demo.BaseAdvice              : param : [null]
2019-05-30 16:48:26.262  INFO 8804 --- [http-nio-8080-exec-1] com.example.demo.BaseAdvice              : end : class com.example.demo.controller.HomeController, home
2019-05-30 16:48:31.824  INFO 8804 --- [http-nio-8080-exec-2] com.example.demo.BaseAdvice              : start : class com.example.demo.controller.LoginController, login
2019-05-30 16:48:31.825  INFO 8804 --- [http-nio-8080-exec-2] com.example.demo.BaseAdvice              : param : [user : user0001, password : pass0001]
2019-05-30 16:48:31.833  INFO 8804 --- [http-nio-8080-exec-2] com.example.demo.BaseAdvice              : end : class com.example.demo.controller.LoginController, login
2019-05-30 16:48:33.138  INFO 8804 --- [http-nio-8080-exec-3] com.example.demo.BaseAdvice              : start : class com.example.demo.controller.UserController, showUserDetail
2019-05-30 16:48:33.140  INFO 8804 --- [http-nio-8080-exec-3] com.example.demo.BaseAdvice              : param : [null]
2019-05-30 16:48:33.148  INFO 8804 --- [http-nio-8080-exec-3] com.example.demo.BaseAdvice              : end : class com.example.demo.controller.UserController, showUserDetail
2019-05-30 16:50:52.373  INFO 16904 --- [main] com.example.demo.Demo2Application        : Starting Demo2Application on 18R-02-138 with PID 16904 (started by yamashitayb in C:\Users\yamashitayb\Desktop\山フォルダ\98_GitHub\wordspace\demo2)
2019-05-30 16:50:52.378  INFO 16904 --- [main] com.example.demo.Demo2Application        : No active profile set, falling back to default profiles: default
2019-05-30 16:50:54.595  INFO 16904 --- [main] o.s.b.w.embedded.tomcat.TomcatWebServer  : Tomcat initialized with port(s): 8080 (http)
2019-05-30 16:50:54.630  INFO 16904 --- [main] o.apache.catalina.core.StandardService   : Starting service [Tomcat]
2019-05-30 16:50:54.630  INFO 16904 --- [main] org.apache.catalina.core.StandardEngine  : Starting Servlet engine: [Apache Tomcat/9.0.16]
2019-05-30 16:50:54.643  INFO 16904 --- [main] o.a.catalina.core.AprLifecycleListener   : The APR based Apache Tomcat Native library which allows optimal performance in production environments was not found on the java.library.path: [C:\Program Files\Java\jdk1.8.0_201\bin;C:\WINDOWS\Sun\Java\bin;C:\WINDOWS\system32;C:\WINDOWS;C:\Program Files (x86)\Common Files\Oracle\Java\javapath;C:\WINDOWS\system32;C:\WINDOWS;C:\WINDOWS\System32\Wbem;C:\WINDOWS\System32\WindowsPowerShell\v1.0\;C:\Program Files\Intel\WiFi\bin\;C:\Program Files\Common Files\Intel\WirelessCommon\;C:\WINDOWS\System32\OpenSSH\;C:\Program Files\TortoiseSVN\bin;C:\Program Files\Git\cmd;C:\Program Files (x86)\Intel\Intel(R) Management Engine Components\DAL;C:\Program Files\Intel\Intel(R) Management Engine Components\DAL;"C:\Users\yamashitayb\AppData\Local\Microsoft\WindowsApps;C:\Program Files\Java\jdk1.8.0_201\bin";;.]
2019-05-30 16:50:54.832  INFO 16904 --- [main] o.a.c.c.C.[.[localhost].[/sample_app]    : Initializing Spring embedded WebApplicationContext
2019-05-30 16:50:54.833  INFO 16904 --- [main] o.s.web.context.ContextLoader            : Root WebApplicationContext: initialization completed in 2378 ms
2019-05-30 16:50:55.469  INFO 16904 --- [main] o.s.s.concurrent.ThreadPoolTaskExecutor  : Initializing ExecutorService 'applicationTaskExecutor'
2019-05-30 16:50:55.751  INFO 16904 --- [main] o.s.b.a.w.s.WelcomePageHandlerMapping    : Adding welcome page template: index
2019-05-30 16:50:55.926  INFO 16904 --- [main] o.s.b.w.embedded.tomcat.TomcatWebServer  : Tomcat started on port(s): 8080 (http) with context path '/sample_app'
2019-05-30 16:50:55.942  INFO 16904 --- [main] com.example.demo.Demo2Application        : Started Demo2Application in 4.148 seconds (JVM running for 4.688)
